生成启动时间为 2025/4/7 22:17:43。
日志记录详细程度设置为: Normal。     1>项目“D:\瑞金林答题_重置版\v0.1_demo\v0.1_demo.vcxproj”在节点 2 上(Build 个目标)。
     1>PrepareForBuild:
         已启用结构化输出。编译器诊断的格式设置将反映错误层次结构。有关详细信息，请参阅 https://aka.ms/cpp/structured-output。
       InitializeBuildStatus:
         正在创建“v0.1_demo\x64\Debug\v0.1_demo.tlog\unsuccessfulbuild”，因为已指定“AlwaysCreate”。
         正在对“v0.1_demo\x64\Debug\v0.1_demo.tlog\unsuccessfulbuild”执行 Touch 任务。
       QtUicSetModified:
       正在跳过目标“QtUicSetModified”，因为所有输出文件相对于输入文件而言都是最新的。
       QtUic:
       正在跳过目标“QtUic”，因为所有输出文件相对于输入文件而言都是最新的。
       QtRccSetModified:
       正在跳过目标“QtRccSetModified”，因为所有输出文件相对于输入文件而言都是最新的。
       QtRccFilterSetModified:
       正在跳过目标“QtRccFilterSetModified”，因为它没有输出。
       QtRccFilter:
       正在跳过目标“QtRccFilter”，因为它没有输出。
       QtQmlSetModified:
       正在跳过目标“QtQmlSetModified”，因为它没有输出。
       QtQmlCacheItem:
       正在跳过目标“QtQmlCacheItem”，因为它没有输出。
       QtMocSetModified:
       正在跳过目标“QtMocSetModified”，因为所有输出文件相对于输入文件而言都是最新的。
       ClCompile:
         D:\Microsoft Visual Studio\VC\Tools\MSVC\14.43.34808\bin\HostX64\x64\CL.exe /c /Iv0.1_demo\x64\Debug\uic /Iv0.1_demo\x64\Debug\moc /IC:\Users\Admin\AppData\Local\Temp\qximd2xy.33n /ID:\QT\6.8.2\msvc2022_64\include /ID:\QT\6.8.2\msvc2022_64\include\QtWidgets /ID:\QT\6.8.2\msvc2022_64\include\QtGui /ID:\QT\6.8.2\msvc2022_64\include\QtCore /IC:\Users\Admin\AppData\Local\Temp\qximd2xy.33n /I/include /I"D:\QT\6.8.2\msvc2022_64\mkspecs\win32-msvc" /Iv0.1_demo\x64\Debug\moc /Iv0.1_demo\x64\Debug\uic /ZI /JMC /nologo /W3 /WX- /diagnostics:column /sdl /MP /Od /D _WINDOWS /D UNICODE /D _UNICODE /D WIN32 /D _ENABLE_EXTENDED_ALIGNED_STORAGE /D WIN64 /D QT_WIDGETS_LIB /D QT_GUI_LIB /D QT_CORE_LIB /D _UNICODE /D UNICODE /Gm- /EHsc /RTC1 /MDd /GS /fp:precise /Zc:wchar_t /Zc:forScope /Zc:inline /std:c++17 /permissive- /Fo"v0.1_demo\x64\Debug\\" /Fd"v0.1_demo\x64\Debug\vc143.pdb" /external:W3 /Gd /TP /FC /errorReport:prompt -Zc:rvalueCast -Zc:strictStrings -Zc:throwingNew -Zc:__cplusplus -Zc:externConstexpr -utf-8 main.cpp v01_demo.cpp
         main.cpp
         v01_demo.cpp
     1>D:\瑞金林答题_重置版\v0.1_demo\v01_demo.cpp(1,1): warning C4828: 文件包含在偏移 0xbb 处开始的字符，该字符在当前源字符集中无效(代码页 65001)。
     1>D:\瑞金林答题_重置版\v0.1_demo\v01_demo.cpp(1,1): warning C4828: 文件包含在偏移 0xbd 处开始的字符，该字符在当前源字符集中无效(代码页 65001)。
     1>D:\瑞金林答题_重置版\v0.1_demo\v01_demo.cpp(1,1): warning C4828: 文件包含在偏移 0xbf 处开始的字符，该字符在当前源字符集中无效(代码页 65001)。
     1>D:\瑞金林答题_重置版\v0.1_demo\v01_demo.cpp(1,1): warning C4828: 文件包含在偏移 0xc0 处开始的字符，该字符在当前源字符集中无效(代码页 65001)。
     1>D:\瑞金林答题_重置版\v0.1_demo\v01_demo.cpp(1,1): warning C4828: 文件包含在偏移 0xc3 处开始的字符，该字符在当前源字符集中无效(代码页 65001)。
     1>D:\瑞金林答题_重置版\v0.1_demo\v01_demo.cpp(1,1): warning C4828: 文件包含在偏移 0xc4 处开始的字符，该字符在当前源字符集中无效(代码页 65001)。
     1>D:\瑞金林答题_重置版\v0.1_demo\v01_demo.cpp(1,1): warning C4828: 文件包含在偏移 0x27f 处开始的字符，该字符在当前源字符集中无效(代码页 65001)。
     1>D:\瑞金林答题_重置版\v0.1_demo\v01_demo.cpp(1,1): warning C4828: 文件包含在偏移 0x281 处开始的字符，该字符在当前源字符集中无效(代码页 65001)。
     1>D:\瑞金林答题_重置版\v0.1_demo\v01_demo.cpp(1,1): warning C4828: 文件包含在偏移 0x282 处开始的字符，该字符在当前源字符集中无效(代码页 65001)。
     1>D:\瑞金林答题_重置版\v0.1_demo\v01_demo.cpp(1,1): warning C4828: 文件包含在偏移 0x286 处开始的字符，该字符在当前源字符集中无效(代码页 65001)。
     1>D:\瑞金林答题_重置版\v0.1_demo\v01_demo.cpp(1,1): warning C4828: 文件包含在偏移 0x28a 处开始的字符，该字符在当前源字符集中无效(代码页 65001)。
     1>D:\瑞金林答题_重置版\v0.1_demo\v01_demo.cpp(1,1): warning C4828: 文件包含在偏移 0x28c 处开始的字符，该字符在当前源字符集中无效(代码页 65001)。
     1>D:\瑞金林答题_重置版\v0.1_demo\v01_demo.cpp(1,1): warning C4828: 文件包含在偏移 0x28e 处开始的字符，该字符在当前源字符集中无效(代码页 65001)。
     1>D:\瑞金林答题_重置版\v0.1_demo\v01_demo.cpp(1,1): warning C4828: 文件包含在偏移 0x28f 处开始的字符，该字符在当前源字符集中无效(代码页 65001)。
         D:\Microsoft Visual Studio\VC\Tools\MSVC\14.43.34808\bin\HostX64\x64\CL.exe /c /Iv0.1_demo\x64\Debug\uic /Iv0.1_demo\x64\Debug\moc /I"D:\瑞金林答题_重置版\v0.1_demo\\" /IC:\Users\Admin\AppData\Local\Temp\qximd2xy.33n /ID:\QT\6.8.2\msvc2022_64\include /ID:\QT\6.8.2\msvc2022_64\include\QtWidgets /ID:\QT\6.8.2\msvc2022_64\include\QtGui /ID:\QT\6.8.2\msvc2022_64\include\QtCore /IC:\Users\Admin\AppData\Local\Temp\qximd2xy.33n /I/include /I"D:\QT\6.8.2\msvc2022_64\mkspecs\win32-msvc" /Iv0.1_demo\x64\Debug\moc /Iv0.1_demo\x64\Debug\uic /ZI /JMC /nologo /W3 /WX- /diagnostics:column /sdl /MP /Od /D _WINDOWS /D UNICODE /D _UNICODE /D WIN32 /D _ENABLE_EXTENDED_ALIGNED_STORAGE /D WIN64 /D QT_WIDGETS_LIB /D QT_GUI_LIB /D QT_CORE_LIB /D _UNICODE /D UNICODE /Gm- /EHsc /RTC1 /MDd /GS /fp:precise /Zc:wchar_t /Zc:forScope /Zc:inline /std:c++17 /permissive- /Fo"v0.1_demo\x64\Debug\\" /Fd"v0.1_demo\x64\Debug\vc143.pdb" /external:W3 /Gd /TP /FC /errorReport:prompt -Zc:rvalueCast -Zc:strictStrings -Zc:throwingNew -Zc:__cplusplus -Zc:externConstexpr -utf-8 v0.1_demo\x64\Debug\moc\moc_v01_demo.cpp
         moc_v01_demo.cpp
       QtNatvis:
       正在跳过目标“QtNatvis”，因为所有输出文件相对于输入文件而言都是最新的。
       Link:
         D:\Microsoft Visual Studio\VC\Tools\MSVC\14.43.34808\bin\HostX64\x64\link.exe /ERRORREPORT:PROMPT /OUT:"D:\瑞金林答题_重置版\v0.1_demo\x64\Debug\v0.1_demo.exe" /INCREMENTAL /ILK:"v0.1_demo\x64\Debug\v0.1_demo.ilk" /NOLOGO /LTCG:STATUS kernel32.lib user32.lib gdi32.lib winspool.lib comdlg32.lib advapi32.lib shell32.lib ole32.lib oleaut32.lib uuid.lib odbc32.lib odbccp32.lib D:\QT\6.8.2\msvc2022_64\lib\Qt6Widgetsd.lib D:\QT\6.8.2\msvc2022_64\lib\Qt6Guid.lib D:\QT\6.8.2\msvc2022_64\lib\Qt6Cored.lib D:\QT\6.8.2\msvc2022_64\lib\Qt6EntryPointd.lib shell32.lib /MANIFEST /MANIFESTUAC:"level='asInvoker' uiAccess='false'" /manifest:embed /DEBUG /PDB:"D:\瑞金林答题_重置版\v0.1_demo\x64\Debug\v0.1_demo.pdb" /SUBSYSTEM:WINDOWS /TLBID:1 /DYNAMICBASE /NXCOMPAT /IMPLIB:"D:\瑞金林答题_重置版\v0.1_demo\x64\Debug\v0.1_demo.lib" /MACHINE:X64 /NATVIS:"v0.1_demo\x64\Debug\\qt.natvis" "/MANIFESTDEPENDENCY:type='win32' name='Microsoft.Windows.Common-Controls' version='6.0.0.0' publicKeyToken='6595b64144ccf1df' language='*' processorArchitecture='*'" v0.1_demo\x64\Debug\v01_demo.obj
         v0.1_demo\x64\Debug\main.obj
         v0.1_demo\x64\Debug\qrc_v01_demo.obj
         v0.1_demo\x64\Debug\moc_v01_demo.obj
     1>LINK : warning LNK4075: 忽略“/INCREMENTAL”(由于“/LTCG”规范)
         LINK : 已指定 /LTCG，但不需要生成代码；从链接命令行中移除 /LTCG 以提高链接器性能
         v0.1_demo.vcxproj -> D:\瑞金林答题_重置版\v0.1_demo\x64\Debug\v0.1_demo.exe
       FinalizeBuildStatus:
         正在删除文件“v0.1_demo\x64\Debug\v0.1_demo.tlog\unsuccessfulbuild”。
         正在对“v0.1_demo\x64\Debug\v0.1_demo.tlog\v0.1_demo.lastbuildstate”执行 Touch 任务。
     1>已完成生成项目“D:\瑞金林答题_重置版\v0.1_demo\v0.1_demo.vcxproj”(Build 个目标)的操作。

已成功生成。

       “D:\瑞金林答题_重置版\v0.1_demo\v0.1_demo.vcxproj”(Build 目标) (1) ->
       (ClCompile 目标) -> 
         D:\瑞金林答题_重置版\v0.1_demo\v01_demo.cpp(1,1): warning C4828: 文件包含在偏移 0xbb 处开始的字符，该字符在当前源字符集中无效(代码页 65001)。
         D:\瑞金林答题_重置版\v0.1_demo\v01_demo.cpp(1,1): warning C4828: 文件包含在偏移 0xbd 处开始的字符，该字符在当前源字符集中无效(代码页 65001)。
         D:\瑞金林答题_重置版\v0.1_demo\v01_demo.cpp(1,1): warning C4828: 文件包含在偏移 0xbf 处开始的字符，该字符在当前源字符集中无效(代码页 65001)。
         D:\瑞金林答题_重置版\v0.1_demo\v01_demo.cpp(1,1): warning C4828: 文件包含在偏移 0xc0 处开始的字符，该字符在当前源字符集中无效(代码页 65001)。
         D:\瑞金林答题_重置版\v0.1_demo\v01_demo.cpp(1,1): warning C4828: 文件包含在偏移 0xc3 处开始的字符，该字符在当前源字符集中无效(代码页 65001)。
         D:\瑞金林答题_重置版\v0.1_demo\v01_demo.cpp(1,1): warning C4828: 文件包含在偏移 0xc4 处开始的字符，该字符在当前源字符集中无效(代码页 65001)。
         D:\瑞金林答题_重置版\v0.1_demo\v01_demo.cpp(1,1): warning C4828: 文件包含在偏移 0x27f 处开始的字符，该字符在当前源字符集中无效(代码页 65001)。
         D:\瑞金林答题_重置版\v0.1_demo\v01_demo.cpp(1,1): warning C4828: 文件包含在偏移 0x281 处开始的字符，该字符在当前源字符集中无效(代码页 65001)。
         D:\瑞金林答题_重置版\v0.1_demo\v01_demo.cpp(1,1): warning C4828: 文件包含在偏移 0x282 处开始的字符，该字符在当前源字符集中无效(代码页 65001)。
         D:\瑞金林答题_重置版\v0.1_demo\v01_demo.cpp(1,1): warning C4828: 文件包含在偏移 0x286 处开始的字符，该字符在当前源字符集中无效(代码页 65001)。
         D:\瑞金林答题_重置版\v0.1_demo\v01_demo.cpp(1,1): warning C4828: 文件包含在偏移 0x28a 处开始的字符，该字符在当前源字符集中无效(代码页 65001)。
         D:\瑞金林答题_重置版\v0.1_demo\v01_demo.cpp(1,1): warning C4828: 文件包含在偏移 0x28c 处开始的字符，该字符在当前源字符集中无效(代码页 65001)。
         D:\瑞金林答题_重置版\v0.1_demo\v01_demo.cpp(1,1): warning C4828: 文件包含在偏移 0x28e 处开始的字符，该字符在当前源字符集中无效(代码页 65001)。
         D:\瑞金林答题_重置版\v0.1_demo\v01_demo.cpp(1,1): warning C4828: 文件包含在偏移 0x28f 处开始的字符，该字符在当前源字符集中无效(代码页 65001)。


       “D:\瑞金林答题_重置版\v0.1_demo\v0.1_demo.vcxproj”(Build 目标) (1) ->
       (Link 目标) -> 
         LINK : warning LNK4075: 忽略“/INCREMENTAL”(由于“/LTCG”规范)

    15 个警告
    0 个错误

已用时间 00:00:04.85
